[1.826s] Invoking command in '/workspaces/autonomous-delivery-robot/ros2_ws/src/my_package': PYTHONPATH=/workspaces/autonomous-delivery-robot/ros2_ws/build/my_package/prefix_override:/workspaces/autonomous-delivery-robot/ros2_ws/install/my_package/lib/python3.10/site-packages:${PYTHONPATH} /usr/bin/python3 setup.py egg_info --egg-base ../../build/my_package build --build-base /workspaces/autonomous-delivery-robot/ros2_ws/build/my_package/build install --record /workspaces/autonomous-delivery-robot/ros2_ws/build/my_package/install.log --single-version-externally-managed
[2.241s] running egg_info
[2.268s] writing ../../build/my_package/my_package.egg-info/PKG-INFO
[2.270s] writing dependency_links to ../../build/my_package/my_package.egg-info/dependency_links.txt
[2.270s] writing requirements to ../../build/my_package/my_package.egg-info/requires.txt
[2.271s] writing top-level names to ../../build/my_package/my_package.egg-info/top_level.txt
[2.327s] reading manifest file '../../build/my_package/my_package.egg-info/SOURCES.txt'
[2.328s] writing manifest file '../../build/my_package/my_package.egg-info/SOURCES.txt'
[2.329s] running build
[2.329s] running build_py
[2.330s] running install
[2.330s] /usr/local/lib/python3.10/dist-packages/setuptools/_distutils/cmd.py:66: SetuptoolsDeprecationWarning: setup.py install is deprecated.
[2.330s] !!
[2.331s] 
[2.331s]         ********************************************************************************
[2.331s]         Please avoid running ``setup.py`` directly.
[2.331s]         Instead, use pypa/build, pypa/installer or other
[2.332s]         standards-based tools.
[2.332s] 
[2.332s]         See https://blog.ganssle.io/articles/2021/10/setup-py-deprecated.html for details.
[2.332s]         ********************************************************************************
[2.332s] 
[2.333s] !!
[2.333s]   self.initialize_options()
[2.339s] running install_lib
[2.368s] running install_data
[2.395s] copying description/truck_robot_ign.urdf.xacro -> /workspaces/autonomous-delivery-robot/ros2_ws/install/my_package/share/my_package/description
[2.395s] running install_egg_info
[2.424s] removing '/workspaces/autonomous-delivery-robot/ros2_ws/install/my_package/lib/python3.10/site-packages/my_package-0.0.0-py3.10.egg-info' (and everything under it)
[2.425s] Copying ../../build/my_package/my_package.egg-info to /workspaces/autonomous-delivery-robot/ros2_ws/install/my_package/lib/python3.10/site-packages/my_package-0.0.0-py3.10.egg-info
[2.426s] running install_scripts
[2.694s] writing list of installed files to '/workspaces/autonomous-delivery-robot/ros2_ws/build/my_package/install.log'
[2.763s] Invoked command in '/workspaces/autonomous-delivery-robot/ros2_ws/src/my_package' returned '0': PYTHONPATH=/workspaces/autonomous-delivery-robot/ros2_ws/build/my_package/prefix_override:/workspaces/autonomous-delivery-robot/ros2_ws/install/my_package/lib/python3.10/site-packages:${PYTHONPATH} /usr/bin/python3 setup.py egg_info --egg-base ../../build/my_package build --build-base /workspaces/autonomous-delivery-robot/ros2_ws/build/my_package/build install --record /workspaces/autonomous-delivery-robot/ros2_ws/build/my_package/install.log --single-version-externally-managed
