[1.823s] Invoking command in '/workspaces/autonomous-delivery-robot/ros2_ws/src/my_package': PYTHONPATH=/workspaces/autonomous-delivery-robot/ros2_ws/build/my_package/prefix_override:/workspaces/autonomous-delivery-robot/ros2_ws/install/my_package/lib/python3.10/site-packages:${PYTHONPATH} /usr/bin/python3 setup.py egg_info --egg-base ../../build/my_package build --build-base /workspaces/autonomous-delivery-robot/ros2_ws/build/my_package/build install --record /workspaces/autonomous-delivery-robot/ros2_ws/build/my_package/install.log --single-version-externally-managed
[2.225s] running egg_info
[2.253s] writing ../../build/my_package/my_package.egg-info/PKG-INFO
[2.254s] writing dependency_links to ../../build/my_package/my_package.egg-info/dependency_links.txt
[2.255s] writing requirements to ../../build/my_package/my_package.egg-info/requires.txt
[2.255s] writing top-level names to ../../build/my_package/my_package.egg-info/top_level.txt
[2.310s] reading manifest file '../../build/my_package/my_package.egg-info/SOURCES.txt'
[2.312s] writing manifest file '../../build/my_package/my_package.egg-info/SOURCES.txt'
[2.312s] running build
[2.313s] running build_py
[2.313s] running install
[2.313s] /usr/local/lib/python3.10/dist-packages/setuptools/_distutils/cmd.py:66: SetuptoolsDeprecationWarning: setup.py install is deprecated.
[2.314s] !!
[2.314s] 
[2.314s]         ********************************************************************************
[2.314s]         Please avoid running ``setup.py`` directly.
[2.315s]         Instead, use pypa/build, pypa/installer or other
[2.315s]         standards-based tools.
[2.315s] 
[2.315s]         See https://blog.ganssle.io/articles/2021/10/setup-py-deprecated.html for details.
[2.316s]         ********************************************************************************
[2.316s] 
[2.316s] !!
[2.316s]   self.initialize_options()
[2.322s] running install_lib
[2.352s] running install_data
[2.380s] copying description/truck_robot_ign.urdf.xacro -> /workspaces/autonomous-delivery-robot/ros2_ws/install/my_package/share/my_package/description
[2.380s] running install_egg_info
[2.409s] removing '/workspaces/autonomous-delivery-robot/ros2_ws/install/my_package/lib/python3.10/site-packages/my_package-0.0.0-py3.10.egg-info' (and everything under it)
[2.410s] Copying ../../build/my_package/my_package.egg-info to /workspaces/autonomous-delivery-robot/ros2_ws/install/my_package/lib/python3.10/site-packages/my_package-0.0.0-py3.10.egg-info
[2.412s] running install_scripts
[2.676s] writing list of installed files to '/workspaces/autonomous-delivery-robot/ros2_ws/build/my_package/install.log'
[2.747s] Invoked command in '/workspaces/autonomous-delivery-robot/ros2_ws/src/my_package' returned '0': PYTHONPATH=/workspaces/autonomous-delivery-robot/ros2_ws/build/my_package/prefix_override:/workspaces/autonomous-delivery-robot/ros2_ws/install/my_package/lib/python3.10/site-packages:${PYTHONPATH} /usr/bin/python3 setup.py egg_info --egg-base ../../build/my_package build --build-base /workspaces/autonomous-delivery-robot/ros2_ws/build/my_package/build install --record /workspaces/autonomous-delivery-robot/ros2_ws/build/my_package/install.log --single-version-externally-managed
