/workspaces/autonomous-delivery-robot/ros2_ws/install/my_package/lib/python3.10/site-packages/my_package/__init__.py
/workspaces/autonomous-delivery-robot/ros2_ws/install/my_package/lib/python3.10/site-packages/my_package/__pycache__/__init__.cpython-310.pyc
/workspaces/autonomous-delivery-robot/ros2_ws/install/my_package/share/ament_index/resource_index/packages/my_package
/workspaces/autonomous-delivery-robot/ros2_ws/install/my_package/share/my_package/package.xml
/workspaces/autonomous-delivery-robot/ros2_ws/install/my_package/share/my_package/launch/robot_state_publisher.launch.py
/workspaces/autonomous-delivery-robot/ros2_ws/install/my_package/share/my_package/launch/talker.launch.py
/workspaces/autonomous-delivery-robot/ros2_ws/install/my_package/share/my_package/launch/teleop_joy.launch.py
/workspaces/autonomous-delivery-robot/ros2_ws/install/my_package/share/my_package/launch/ign_gazebo_truck.launch.py
/workspaces/autonomous-delivery-robot/ros2_ws/install/my_package/share/my_package/launch/listener.launch.py
/workspaces/autonomous-delivery-robot/ros2_ws/install/my_package/share/my_package/description/truck_robot_ign.urdf.xacro
/workspaces/autonomous-delivery-robot/ros2_ws/install/my_package/share/my_package/description/truck_robot_ign.urdf copy.xacro
/workspaces/autonomous-delivery-robot/ros2_ws/install/my_package/share/my_package/description/example_robot.urdf.xacro
/workspaces/autonomous-delivery-robot/ros2_ws/install/my_package/share/my_package/description/truck_robot.urdf.xacro
/workspaces/autonomous-delivery-robot/ros2_ws/install/my_package/share/my_package/description
/workspaces/autonomous-delivery-robot/ros2_ws/install/my_package/lib/python3.10/site-packages/my_package-0.0.0-py3.10.egg-info/top_level.txt
/workspaces/autonomous-delivery-robot/ros2_ws/install/my_package/lib/python3.10/site-packages/my_package-0.0.0-py3.10.egg-info/requires.txt
/workspaces/autonomous-delivery-robot/ros2_ws/install/my_package/lib/python3.10/site-packages/my_package-0.0.0-py3.10.egg-info/SOURCES.txt
/workspaces/autonomous-delivery-robot/ros2_ws/install/my_package/lib/python3.10/site-packages/my_package-0.0.0-py3.10.egg-info/PKG-INFO
/workspaces/autonomous-delivery-robot/ros2_ws/install/my_package/lib/python3.10/site-packages/my_package-0.0.0-py3.10.egg-info/zip-safe
/workspaces/autonomous-delivery-robot/ros2_ws/install/my_package/lib/python3.10/site-packages/my_package-0.0.0-py3.10.egg-info/dependency_links.txt
