[1.805s] Invoking command in '/workspaces/autonomous-delivery-robot/ros2_ws/build/my_package': PYTHONPATH=/workspaces/autonomous-delivery-robot/ros2_ws/build/my_package/prefix_override:/workspaces/autonomous-delivery-robot/ros2_ws/install/my_package/lib/python3.10/site-packages:${PYTHONPATH} /usr/bin/python3 setup.py develop --editable --build-directory /workspaces/autonomous-delivery-robot/ros2_ws/build/my_package/build --no-deps install_data
[2.386s] running develop
[2.386s] /usr/local/lib/python3.10/dist-packages/setuptools/command/develop.py:40: EasyInstallDeprecationWarning: easy_install command is deprecated.
[2.387s] !!
[2.387s] 
[2.387s]         ********************************************************************************
[2.387s]         Please avoid running ``setup.py`` and ``easy_install``.
[2.387s]         Instead, use pypa/build, pypa/installer or other
[2.387s]         standards-based tools.
[2.387s] 
[2.387s]         See https://github.com/pypa/setuptools/issues/917 for details.
[2.388s]         ********************************************************************************
[2.388s] 
[2.388s] !!
[2.388s]   easy_install.initialize_options(self)
[2.444s] /usr/local/lib/python3.10/dist-packages/setuptools/_distutils/cmd.py:66: SetuptoolsDeprecationWarning: setup.py install is deprecated.
[2.444s] !!
[2.444s] 
[2.444s]         ********************************************************************************
[2.444s]         Please avoid running ``setup.py`` directly.
[2.444s]         Instead, use pypa/build, pypa/installer or other
[2.444s]         standards-based tools.
[2.445s] 
[2.445s]         See https://blog.ganssle.io/articles/2021/10/setup-py-deprecated.html for details.
[2.445s]         ********************************************************************************
[2.445s] 
[2.445s] !!
[2.445s]   self.initialize_options()
[2.762s] running egg_info
[2.789s] writing my_package.egg-info/PKG-INFO
[2.790s] writing dependency_links to my_package.egg-info/dependency_links.txt
[2.791s] writing requirements to my_package.egg-info/requires.txt
[2.791s] writing top-level names to my_package.egg-info/top_level.txt
[2.847s] reading manifest file 'my_package.egg-info/SOURCES.txt'
[2.848s] writing manifest file 'my_package.egg-info/SOURCES.txt'
[2.945s] running build_ext
[2.945s] Creating /workspaces/autonomous-delivery-robot/ros2_ws/install/my_package/lib/python3.10/site-packages/my-package.egg-link (link to .)
[2.946s] 
[2.946s] Installed /workspaces/autonomous-delivery-robot/ros2_ws/build/my_package
[2.947s] running install_data
[3.034s] Invoked command in '/workspaces/autonomous-delivery-robot/ros2_ws/build/my_package' returned '0': PYTHONPATH=/workspaces/autonomous-delivery-robot/ros2_ws/build/my_package/prefix_override:/workspaces/autonomous-delivery-robot/ros2_ws/install/my_package/lib/python3.10/site-packages:${PYTHONPATH} /usr/bin/python3 setup.py develop --editable --build-directory /workspaces/autonomous-delivery-robot/ros2_ws/build/my_package/build --no-deps install_data
