[1.884s] Invoking command in '/workspaces/autonomous-delivery-robot/ros2_ws/src/my_package': PYTHONPATH=/workspaces/autonomous-delivery-robot/ros2_ws/build/my_package/prefix_override:/workspaces/autonomous-delivery-robot/ros2_ws/install/my_package/lib/python3.10/site-packages:${PYTHONPATH} /usr/bin/python3 setup.py egg_info --egg-base ../../build/my_package build --build-base /workspaces/autonomous-delivery-robot/ros2_ws/build/my_package/build install --record /workspaces/autonomous-delivery-robot/ros2_ws/build/my_package/install.log --single-version-externally-managed
[2.293s] running egg_info
[2.294s] creating ../../build/my_package/my_package.egg-info
[2.321s] writing ../../build/my_package/my_package.egg-info/PKG-INFO
[2.322s] writing dependency_links to ../../build/my_package/my_package.egg-info/dependency_links.txt
[2.322s] writing requirements to ../../build/my_package/my_package.egg-info/requires.txt
[2.323s] writing top-level names to ../../build/my_package/my_package.egg-info/top_level.txt
[2.323s] writing manifest file '../../build/my_package/my_package.egg-info/SOURCES.txt'
[2.380s] reading manifest file '../../build/my_package/my_package.egg-info/SOURCES.txt'
[2.381s] writing manifest file '../../build/my_package/my_package.egg-info/SOURCES.txt'
[2.382s] running build
[2.382s] running build_py
[2.382s] creating /workspaces/autonomous-delivery-robot/ros2_ws/build/my_package/build
[2.383s] creating /workspaces/autonomous-delivery-robot/ros2_ws/build/my_package/build/lib
[2.383s] creating /workspaces/autonomous-delivery-robot/ros2_ws/build/my_package/build/lib/my_package
[2.383s] copying my_package/__init__.py -> /workspaces/autonomous-delivery-robot/ros2_ws/build/my_package/build/lib/my_package
[2.383s] running install
[2.385s] /usr/local/lib/python3.10/dist-packages/setuptools/_distutils/cmd.py:66: SetuptoolsDeprecationWarning: setup.py install is deprecated.
[2.385s] !!
[2.385s] 
[2.385s]         ********************************************************************************
[2.385s]         Please avoid running ``setup.py`` directly.
[2.385s]         Instead, use pypa/build, pypa/installer or other
[2.385s]         standards-based tools.
[2.385s] 
[2.385s]         See https://blog.ganssle.io/articles/2021/10/setup-py-deprecated.html for details.
[2.385s]         ********************************************************************************
[2.386s] 
[2.386s] !!
[2.386s]   self.initialize_options()
[2.394s] running install_lib
[2.424s] creating /workspaces/autonomous-delivery-robot/ros2_ws/install/my_package/lib/python3.10/site-packages/my_package
[2.424s] copying /workspaces/autonomous-delivery-robot/ros2_ws/build/my_package/build/lib/my_package/__init__.py -> /workspaces/autonomous-delivery-robot/ros2_ws/install/my_package/lib/python3.10/site-packages/my_package
[2.425s] byte-compiling /workspaces/autonomous-delivery-robot/ros2_ws/install/my_package/lib/python3.10/site-packages/my_package/__init__.py to __init__.cpython-310.pyc
[2.426s] running install_data
[2.454s] creating /workspaces/autonomous-delivery-robot/ros2_ws/install/my_package/share/ament_index
[2.455s] creating /workspaces/autonomous-delivery-robot/ros2_ws/install/my_package/share/ament_index/resource_index
[2.455s] creating /workspaces/autonomous-delivery-robot/ros2_ws/install/my_package/share/ament_index/resource_index/packages
[2.455s] copying resource/my_package -> /workspaces/autonomous-delivery-robot/ros2_ws/install/my_package/share/ament_index/resource_index/packages
[2.455s] copying package.xml -> /workspaces/autonomous-delivery-robot/ros2_ws/install/my_package/share/my_package
[2.455s] creating /workspaces/autonomous-delivery-robot/ros2_ws/install/my_package/share/my_package/launch
[2.455s] copying launch/robot_state_publisher.launch.py -> /workspaces/autonomous-delivery-robot/ros2_ws/install/my_package/share/my_package/launch
[2.456s] copying launch/talker.launch.py -> /workspaces/autonomous-delivery-robot/ros2_ws/install/my_package/share/my_package/launch
[2.457s] copying launch/teleop_joy.launch.py -> /workspaces/autonomous-delivery-robot/ros2_ws/install/my_package/share/my_package/launch
[2.458s] copying launch/ign_gazebo_truck.launch.py -> /workspaces/autonomous-delivery-robot/ros2_ws/install/my_package/share/my_package/launch
[2.458s] copying launch/listener.launch.py -> /workspaces/autonomous-delivery-robot/ros2_ws/install/my_package/share/my_package/launch
[2.460s] creating /workspaces/autonomous-delivery-robot/ros2_ws/install/my_package/share/my_package/description
[2.460s] copying description/truck_robot_ign.urdf.xacro -> /workspaces/autonomous-delivery-robot/ros2_ws/install/my_package/share/my_package/description
[2.460s] copying description/truck_robot_ign.urdf copy.xacro -> /workspaces/autonomous-delivery-robot/ros2_ws/install/my_package/share/my_package/description
[2.460s] copying description/example_robot.urdf.xacro -> /workspaces/autonomous-delivery-robot/ros2_ws/install/my_package/share/my_package/description
[2.461s] copying description/truck_robot.urdf.xacro -> /workspaces/autonomous-delivery-robot/ros2_ws/install/my_package/share/my_package/description
[2.461s] running install_egg_info
[2.491s] Copying ../../build/my_package/my_package.egg-info to /workspaces/autonomous-delivery-robot/ros2_ws/install/my_package/lib/python3.10/site-packages/my_package-0.0.0-py3.10.egg-info
[2.493s] running install_scripts
[2.760s] writing list of installed files to '/workspaces/autonomous-delivery-robot/ros2_ws/build/my_package/install.log'
[2.837s] Invoked command in '/workspaces/autonomous-delivery-robot/ros2_ws/src/my_package' returned '0': PYTHONPATH=/workspaces/autonomous-delivery-robot/ros2_ws/build/my_package/prefix_override:/workspaces/autonomous-delivery-robot/ros2_ws/install/my_package/lib/python3.10/site-packages:${PYTHONPATH} /usr/bin/python3 setup.py egg_info --egg-base ../../build/my_package build --build-base /workspaces/autonomous-delivery-robot/ros2_ws/build/my_package/build install --record /workspaces/autonomous-delivery-robot/ros2_ws/build/my_package/install.log --single-version-externally-managed
