[2.069s] Invoking command in '/workspaces/autonomous-delivery-robot/ros2_ws/src/my_package': PYTHONPATH=/workspaces/autonomous-delivery-robot/ros2_ws/build/my_package/prefix_override:/workspaces/autonomous-delivery-robot/ros2_ws/install/my_package/lib/python3.10/site-packages:${PYTHONPATH} /usr/bin/python3 setup.py egg_info --egg-base ../../build/my_package build --build-base /workspaces/autonomous-delivery-robot/ros2_ws/build/my_package/build install --record /workspaces/autonomous-delivery-robot/ros2_ws/build/my_package/install.log --single-version-externally-managed
[2.494s] running egg_info
[2.494s] creating ../../build/my_package/my_package.egg-info
[2.524s] writing ../../build/my_package/my_package.egg-info/PKG-INFO
[2.527s] writing dependency_links to ../../build/my_package/my_package.egg-info/dependency_links.txt
[2.527s] writing requirements to ../../build/my_package/my_package.egg-info/requires.txt
[2.527s] writing top-level names to ../../build/my_package/my_package.egg-info/top_level.txt
[2.528s] writing manifest file '../../build/my_package/my_package.egg-info/SOURCES.txt'
[2.592s] reading manifest file '../../build/my_package/my_package.egg-info/SOURCES.txt'
[2.593s] writing manifest file '../../build/my_package/my_package.egg-info/SOURCES.txt'
[2.594s] running build
[2.594s] running build_py
[2.594s] creating /workspaces/autonomous-delivery-robot/ros2_ws/build/my_package/build
[2.595s] creating /workspaces/autonomous-delivery-robot/ros2_ws/build/my_package/build/lib
[2.595s] creating /workspaces/autonomous-delivery-robot/ros2_ws/build/my_package/build/lib/my_package
[2.597s] copying my_package/motor_bridge_node.py -> /workspaces/autonomous-delivery-robot/ros2_ws/build/my_package/build/lib/my_package
[2.598s] copying my_package/__init__.py -> /workspaces/autonomous-delivery-robot/ros2_ws/build/my_package/build/lib/my_package
[2.598s] running install
[2.599s] /usr/local/lib/python3.10/dist-packages/setuptools/_distutils/cmd.py:66: SetuptoolsDeprecationWarning: setup.py install is deprecated.
[2.600s] !!
[2.600s] 
[2.600s]         ********************************************************************************
[2.600s]         Please avoid running ``setup.py`` directly.
[2.600s]         Instead, use pypa/build, pypa/installer or other
[2.600s]         standards-based tools.
[2.600s] 
[2.601s]         See https://blog.ganssle.io/articles/2021/10/setup-py-deprecated.html for details.
[2.601s]         ********************************************************************************
[2.601s] 
[2.601s] !!
[2.601s]   self.initialize_options()
[2.609s] running install_lib
[2.640s] creating /workspaces/autonomous-delivery-robot/ros2_ws/install/my_package/lib/python3.10/site-packages/my_package
[2.640s] copying /workspaces/autonomous-delivery-robot/ros2_ws/build/my_package/build/lib/my_package/motor_bridge_node.py -> /workspaces/autonomous-delivery-robot/ros2_ws/install/my_package/lib/python3.10/site-packages/my_package
[2.640s] copying /workspaces/autonomous-delivery-robot/ros2_ws/build/my_package/build/lib/my_package/__init__.py -> /workspaces/autonomous-delivery-robot/ros2_ws/install/my_package/lib/python3.10/site-packages/my_package
[2.641s] byte-compiling /workspaces/autonomous-delivery-robot/ros2_ws/install/my_package/lib/python3.10/site-packages/my_package/motor_bridge_node.py to motor_bridge_node.cpython-310.pyc
[2.647s] byte-compiling /workspaces/autonomous-delivery-robot/ros2_ws/install/my_package/lib/python3.10/site-packages/my_package/__init__.py to __init__.cpython-310.pyc
[2.647s] running install_data
[2.677s] creating /workspaces/autonomous-delivery-robot/ros2_ws/install/my_package/share/ament_index
[2.678s] creating /workspaces/autonomous-delivery-robot/ros2_ws/install/my_package/share/ament_index/resource_index
[2.678s] creating /workspaces/autonomous-delivery-robot/ros2_ws/install/my_package/share/ament_index/resource_index/packages
[2.679s] copying resource/my_package -> /workspaces/autonomous-delivery-robot/ros2_ws/install/my_package/share/ament_index/resource_index/packages
[2.680s] copying package.xml -> /workspaces/autonomous-delivery-robot/ros2_ws/install/my_package/share/my_package
[2.681s] creating /workspaces/autonomous-delivery-robot/ros2_ws/install/my_package/share/my_package/launch
[2.681s] copying launch/robot_state_publisher.launch.py -> /workspaces/autonomous-delivery-robot/ros2_ws/install/my_package/share/my_package/launch
[2.682s] copying launch/talker.launch.py -> /workspaces/autonomous-delivery-robot/ros2_ws/install/my_package/share/my_package/launch
[2.683s] copying launch/teleop_joy.launch.py -> /workspaces/autonomous-delivery-robot/ros2_ws/install/my_package/share/my_package/launch
[2.683s] copying launch/ign_gazebo_truck.launch.py -> /workspaces/autonomous-delivery-robot/ros2_ws/install/my_package/share/my_package/launch
[2.684s] copying launch/listener.launch.py -> /workspaces/autonomous-delivery-robot/ros2_ws/install/my_package/share/my_package/launch
[2.685s] copying launch/robot_motor.launch.py -> /workspaces/autonomous-delivery-robot/ros2_ws/install/my_package/share/my_package/launch
[2.686s] creating /workspaces/autonomous-delivery-robot/ros2_ws/install/my_package/share/my_package/description
[2.687s] copying description/truck_robot_ign.urdf.xacro -> /workspaces/autonomous-delivery-robot/ros2_ws/install/my_package/share/my_package/description
[2.687s] copying description/truck_robot_ign.urdf copy.xacro -> /workspaces/autonomous-delivery-robot/ros2_ws/install/my_package/share/my_package/description
[2.688s] copying description/example_robot.urdf.xacro -> /workspaces/autonomous-delivery-robot/ros2_ws/install/my_package/share/my_package/description
[2.688s] copying description/truck_robot.urdf.xacro -> /workspaces/autonomous-delivery-robot/ros2_ws/install/my_package/share/my_package/description
[2.688s] running install_egg_info
[2.720s] Copying ../../build/my_package/my_package.egg-info to /workspaces/autonomous-delivery-robot/ros2_ws/install/my_package/lib/python3.10/site-packages/my_package-0.0.0-py3.10.egg-info
[2.726s] running install_scripts
[3.004s] writing list of installed files to '/workspaces/autonomous-delivery-robot/ros2_ws/build/my_package/install.log'
[3.079s] Invoked command in '/workspaces/autonomous-delivery-robot/ros2_ws/src/my_package' returned '0': PYTHONPATH=/workspaces/autonomous-delivery-robot/ros2_ws/build/my_package/prefix_override:/workspaces/autonomous-delivery-robot/ros2_ws/install/my_package/lib/python3.10/site-packages:${PYTHONPATH} /usr/bin/python3 setup.py egg_info --egg-base ../../build/my_package build --build-base /workspaces/autonomous-delivery-robot/ros2_ws/build/my_package/build install --record /workspaces/autonomous-delivery-robot/ros2_ws/build/my_package/install.log --single-version-externally-managed
