[1.891s] Invoking command in '/workspaces/autonomous-delivery-robot/ros2_ws/build/my_package': PYTHONPATH=/workspaces/autonomous-delivery-robot/ros2_ws/build/my_package/prefix_override:/workspaces/autonomous-delivery-robot/ros2_ws/install/my_package/lib/python3.10/site-packages:${PYTHONPATH} /usr/bin/python3 setup.py develop --editable --build-directory /workspaces/autonomous-delivery-robot/ros2_ws/build/my_package/build --no-deps install_data
[2.572s] running develop
[2.573s] /usr/local/lib/python3.10/dist-packages/setuptools/command/develop.py:40: EasyInstallDeprecationWarning: easy_install command is deprecated.
[2.573s] !!
[2.573s] 
[2.574s]         ********************************************************************************
[2.574s]         Please avoid running ``setup.py`` and ``easy_install``.
[2.574s]         Instead, use pypa/build, pypa/installer or other
[2.574s]         standards-based tools.
[2.575s] 
[2.575s]         See https://github.com/pypa/setuptools/issues/917 for details.
[2.575s]         ********************************************************************************
[2.575s] 
[2.575s] !!
[2.576s]   easy_install.initialize_options(self)
[2.633s] /usr/local/lib/python3.10/dist-packages/setuptools/_distutils/cmd.py:66: SetuptoolsDeprecationWarning: setup.py install is deprecated.
[2.634s] !!
[2.634s] 
[2.634s]         ********************************************************************************
[2.634s]         Please avoid running ``setup.py`` directly.
[2.635s]         Instead, use pypa/build, pypa/installer or other
[2.635s]         standards-based tools.
[2.635s] 
[2.635s]         See https://blog.ganssle.io/articles/2021/10/setup-py-deprecated.html for details.
[2.636s]         ********************************************************************************
[2.636s] 
[2.636s] !!
[2.636s]   self.initialize_options()
[2.966s] running egg_info
[2.993s] writing my_package.egg-info/PKG-INFO
[2.994s] writing dependency_links to my_package.egg-info/dependency_links.txt
[2.995s] writing requirements to my_package.egg-info/requires.txt
[2.995s] writing top-level names to my_package.egg-info/top_level.txt
[3.054s] reading manifest file 'my_package.egg-info/SOURCES.txt'
[3.056s] writing manifest file 'my_package.egg-info/SOURCES.txt'
[3.155s] running build_ext
[3.156s] Creating /workspaces/autonomous-delivery-robot/ros2_ws/install/my_package/lib/python3.10/site-packages/my-package.egg-link (link to .)
[3.157s] 
[3.157s] Installed /workspaces/autonomous-delivery-robot/ros2_ws/build/my_package
[3.158s] running install_data
[3.158s] copying launch/teleop_joy.launch.py -> /workspaces/autonomous-delivery-robot/ros2_ws/install/my_package/share/my_package/launch
[3.254s] Invoked command in '/workspaces/autonomous-delivery-robot/ros2_ws/build/my_package' returned '0': PYTHONPATH=/workspaces/autonomous-delivery-robot/ros2_ws/build/my_package/prefix_override:/workspaces/autonomous-delivery-robot/ros2_ws/install/my_package/lib/python3.10/site-packages:${PYTHONPATH} /usr/bin/python3 setup.py develop --editable --build-directory /workspaces/autonomous-delivery-robot/ros2_ws/build/my_package/build --no-deps install_data
