[2.226s] DEBUG:colcon:Command line arguments: ['/usr/bin/colcon', 'build', '--packages-select', 'my_package']
[2.227s] DEBUG:colcon:Parsed command line arguments: Namespace(log_base=None, log_level=None, verb_name='build', build_base='build', install_base='install', merge_install=False, symlink_install=False, test_result_base=None, continue_on_error=False, executor='parallel', parallel_workers=6, event_handlers=None, ignore_user_meta=False, metas=['./colcon.meta'], base_paths=['.'], packages_ignore=None, packages_ignore_regex=None, paths=None, packages_up_to=None, packages_up_to_regex=None, packages_above=None, packages_above_and_dependencies=None, packages_above_depth=None, packages_select_by_dep=None, packages_skip_by_dep=None, packages_skip_up_to=None, packages_select_build_failed=False, packages_skip_build_finished=False, packages_select_test_failures=False, packages_skip_test_passed=False, packages_select=['my_package'], packages_skip=None, packages_select_regex=None, packages_skip_regex=None, packages_start=None, packages_end=None, cmake_args=None, cmake_target=None, cmake_target_skip_unavailable=False, cmake_clean_cache=False, cmake_clean_first=False, cmake_force_configure=False, ament_cmake_args=None, catkin_cmake_args=None, catkin_skip_building_tests=False, verb_parser=<colcon_defaults.argument_parser.defaults.DefaultArgumentsDecorator object at 0xffff9df844f0>, verb_extension=<colcon_core.verb.build.BuildVerb object at 0xffff9df52080>, main=<bound method BuildVerb.main of <colcon_core.verb.build.BuildVerb object at 0xffff9df52080>>)
[2.360s] Level 1:colcon.colcon_core.package_discovery:discover_packages(colcon_meta) check parameters
[2.360s] Level 1:colcon.colcon_core.package_discovery:discover_packages(recursive) check parameters
[2.360s] Level 1:colcon.colcon_core.package_discovery:discover_packages(ignore) check parameters
[2.361s] Level 1:colcon.colcon_core.package_discovery:discover_packages(path) check parameters
[2.361s] Level 1:colcon.colcon_core.package_discovery:discover_packages(colcon_meta) discover
[2.361s] Level 1:colcon.colcon_core.package_discovery:discover_packages(recursive) discover
[2.361s] INFO:colcon.colcon_core.package_discovery:Crawling recursively for packages in '/workspaces/autonomous-delivery-robot/ros2_ws'
[2.362s] Level 1:colcon.colcon_core.package_identification:_identify(.) by extensions ['ignore', 'ignore_ament_install']
[2.362s] Level 1:colcon.colcon_core.package_identification:_identify(.) by extension 'ignore'
[2.363s] Level 1:colcon.colcon_core.package_identification:_identify(.) by extension 'ignore_ament_install'
[2.363s] Level 1:colcon.colcon_core.package_identification:_identify(.) by extensions ['colcon_pkg']
[2.363s] Level 1:colcon.colcon_core.package_identification:_identify(.) by extension 'colcon_pkg'
[2.363s] Level 1:colcon.colcon_core.package_identification:_identify(.) by extensions ['colcon_meta']
[2.364s] Level 1:colcon.colcon_core.package_identification:_identify(.) by extension 'colcon_meta'
[2.364s] Level 1:colcon.colcon_core.package_identification:_identify(.) by extensions ['ros']
[2.364s] Level 1:colcon.colcon_core.package_identification:_identify(.) by extension 'ros'
[2.399s] Level 1:colcon.colcon_core.package_identification:_identify(.) by extensions ['cmake', 'python']
[2.399s] Level 1:colcon.colcon_core.package_identification:_identify(.) by extension 'cmake'
[2.400s] Level 1:colcon.colcon_core.package_identification:_identify(.) by extension 'python'
[2.400s] Level 1:colcon.colcon_core.package_identification:_identify(.) by extensions ['python_setup_py']
[2.400s] Level 1:colcon.colcon_core.package_identification:_identify(.) by extension 'python_setup_py'
[2.401s] Level 1:colcon.colcon_core.package_identification:_identify(build) by extensions ['ignore', 'ignore_ament_install']
[2.401s] Level 1:colcon.colcon_core.package_identification:_identify(build) by extension 'ignore'
[2.401s] Level 1:colcon.colcon_core.package_identification:_identify(build) ignored
[2.402s] Level 1:colcon.colcon_core.package_identification:_identify(install) by extensions ['ignore', 'ignore_ament_install']
[2.402s] Level 1:colcon.colcon_core.package_identification:_identify(install) by extension 'ignore'
[2.402s] Level 1:colcon.colcon_core.package_identification:_identify(install) ignored
[2.403s] Level 1:colcon.colcon_core.package_identification:_identify(log) by extensions ['ignore', 'ignore_ament_install']
[2.403s] Level 1:colcon.colcon_core.package_identification:_identify(log) by extension 'ignore'
[2.403s] Level 1:colcon.colcon_core.package_identification:_identify(log) ignored
[2.404s] Level 1:colcon.colcon_core.package_identification:_identify(src) by extensions ['ignore', 'ignore_ament_install']
[2.404s] Level 1:colcon.colcon_core.package_identification:_identify(src) by extension 'ignore'
[2.404s] Level 1:colcon.colcon_core.package_identification:_identify(src) by extension 'ignore_ament_install'
[2.405s] Level 1:colcon.colcon_core.package_identification:_identify(src) by extensions ['colcon_pkg']
[2.405s] Level 1:colcon.colcon_core.package_identification:_identify(src) by extension 'colcon_pkg'
[2.405s] Level 1:colcon.colcon_core.package_identification:_identify(src) by extensions ['colcon_meta']
[2.405s] Level 1:colcon.colcon_core.package_identification:_identify(src) by extension 'colcon_meta'
[2.405s] Level 1:colcon.colcon_core.package_identification:_identify(src) by extensions ['ros']
[2.406s] Level 1:colcon.colcon_core.package_identification:_identify(src) by extension 'ros'
[2.406s] Level 1:colcon.colcon_core.package_identification:_identify(src) by extensions ['cmake', 'python']
[2.406s] Level 1:colcon.colcon_core.package_identification:_identify(src) by extension 'cmake'
[2.406s] Level 1:colcon.colcon_core.package_identification:_identify(src) by extension 'python'
[2.407s] Level 1:colcon.colcon_core.package_identification:_identify(src) by extensions ['python_setup_py']
[2.407s] Level 1:colcon.colcon_core.package_identification:_identify(src) by extension 'python_setup_py'
[2.407s] Level 1:colcon.colcon_core.package_identification:_identify(src/my_package) by extensions ['ignore', 'ignore_ament_install']
[2.407s] Level 1:colcon.colcon_core.package_identification:_identify(src/my_package) by extension 'ignore'
[2.408s] Level 1:colcon.colcon_core.package_identification:_identify(src/my_package) by extension 'ignore_ament_install'
[2.408s] Level 1:colcon.colcon_core.package_identification:_identify(src/my_package) by extensions ['colcon_pkg']
[2.408s] Level 1:colcon.colcon_core.package_identification:_identify(src/my_package) by extension 'colcon_pkg'
[2.408s] Level 1:colcon.colcon_core.package_identification:_identify(src/my_package) by extensions ['colcon_meta']
[2.409s] Level 1:colcon.colcon_core.package_identification:_identify(src/my_package) by extension 'colcon_meta'
[2.409s] Level 1:colcon.colcon_core.package_identification:_identify(src/my_package) by extensions ['ros']
[2.409s] Level 1:colcon.colcon_core.package_identification:_identify(src/my_package) by extension 'ros'
[2.414s] DEBUG:colcon.colcon_core.package_identification:Package 'src/my_package' with type 'ros.ament_python' and name 'my_package'
[2.415s] Level 1:colcon.colcon_core.package_identification:_identify(src/rplidar_ros) by extensions ['ignore', 'ignore_ament_install']
[2.416s] Level 1:colcon.colcon_core.package_identification:_identify(src/rplidar_ros) by extension 'ignore'
[2.416s] Level 1:colcon.colcon_core.package_identification:_identify(src/rplidar_ros) by extension 'ignore_ament_install'
[2.416s] Level 1:colcon.colcon_core.package_identification:_identify(src/rplidar_ros) by extensions ['colcon_pkg']
[2.416s] Level 1:colcon.colcon_core.package_identification:_identify(src/rplidar_ros) by extension 'colcon_pkg'
[2.417s] Level 1:colcon.colcon_core.package_identification:_identify(src/rplidar_ros) by extensions ['colcon_meta']
[2.417s] Level 1:colcon.colcon_core.package_identification:_identify(src/rplidar_ros) by extension 'colcon_meta'
[2.417s] Level 1:colcon.colcon_core.package_identification:_identify(src/rplidar_ros) by extensions ['ros']
[2.417s] Level 1:colcon.colcon_core.package_identification:_identify(src/rplidar_ros) by extension 'ros'
[2.419s] DEBUG:colcon.colcon_core.package_identification:Package 'src/rplidar_ros' with type 'ros.ament_cmake' and name 'rplidar_ros'
[2.419s] Level 1:colcon.colcon_core.package_discovery:discover_packages(recursive) using defaults
[2.420s] Level 1:colcon.colcon_core.package_discovery:discover_packages(ignore) discover
[2.420s] Level 1:colcon.colcon_core.package_discovery:discover_packages(ignore) using defaults
[2.420s] Level 1:colcon.colcon_core.package_discovery:discover_packages(path) discover
[2.421s] Level 1:colcon.colcon_core.package_discovery:discover_packages(path) using defaults
[2.567s] INFO:colcon.colcon_core.package_selection:Skipping not selected package 'rplidar_ros' in 'src/rplidar_ros'
[2.598s] Level 5:colcon.colcon_core.verb:set package 'my_package' build argument 'cmake_args' from command line to 'None'
[2.599s] Level 5:colcon.colcon_core.verb:set package 'my_package' build argument 'cmake_target' from command line to 'None'
[2.599s] Level 5:colcon.colcon_core.verb:set package 'my_package' build argument 'cmake_target_skip_unavailable' from command line to 'False'
[2.599s] Level 5:colcon.colcon_core.verb:set package 'my_package' build argument 'cmake_clean_cache' from command line to 'False'
[2.599s] Level 5:colcon.colcon_core.verb:set package 'my_package' build argument 'cmake_clean_first' from command line to 'False'
[2.600s] Level 5:colcon.colcon_core.verb:set package 'my_package' build argument 'cmake_force_configure' from command line to 'False'
[2.600s] Level 5:colcon.colcon_core.verb:set package 'my_package' build argument 'ament_cmake_args' from command line to 'None'
[2.600s] Level 5:colcon.colcon_core.verb:set package 'my_package' build argument 'catkin_cmake_args' from command line to 'None'
[2.600s] Level 5:colcon.colcon_core.verb:set package 'my_package' build argument 'catkin_skip_building_tests' from command line to 'False'
[2.600s] DEBUG:colcon.colcon_core.verb:Building package 'my_package' with the following arguments: {'ament_cmake_args': None, 'build_base': '/workspaces/autonomous-delivery-robot/ros2_ws/build/my_package', 'catkin_cmake_args': None, 'catkin_skip_building_tests': False, 'cmake_args': None, 'cmake_clean_cache': False, 'cmake_clean_first': False, 'cmake_force_configure': False, 'cmake_target': None, 'cmake_target_skip_unavailable': False, 'install_base': '/workspaces/autonomous-delivery-robot/ros2_ws/install/my_package', 'merge_install': False, 'path': '/workspaces/autonomous-delivery-robot/ros2_ws/src/my_package', 'symlink_install': False, 'test_result_base': None}
[2.630s] INFO:colcon.colcon_core.executor:Executing jobs using 'parallel' executor
[2.663s] DEBUG:colcon.colcon_parallel_executor.executor.parallel:run_until_complete
[2.664s] INFO:colcon.colcon_ros.task.ament_python.build:Building ROS package in '/workspaces/autonomous-delivery-robot/ros2_ws/src/my_package' with build type 'ament_python'
[2.664s] Level 1:colcon.colcon_core.shell:create_environment_hook('my_package', 'ament_prefix_path')
[2.704s] INFO:colcon.colcon_core.plugin_system:Skipping extension 'colcon_core.shell.bat': Not used on non-Windows systems
[2.704s] INFO:colcon.colcon_core.shell:Creating environment hook '/workspaces/autonomous-delivery-robot/ros2_ws/install/my_package/share/my_package/hook/ament_prefix_path.ps1'
[2.707s] INFO:colcon.colcon_core.shell:Creating environment descriptor '/workspaces/autonomous-delivery-robot/ros2_ws/install/my_package/share/my_package/hook/ament_prefix_path.dsv'
[2.708s] INFO:colcon.colcon_core.shell:Creating environment hook '/workspaces/autonomous-delivery-robot/ros2_ws/install/my_package/share/my_package/hook/ament_prefix_path.sh'
[2.741s] INFO:colcon.colcon_core.shell:Skip shell extension 'powershell' for command environment: Not usable outside of PowerShell
[2.741s] DEBUG:colcon.colcon_core.shell:Skip shell extension 'dsv' for command environment
[3.401s] INFO:colcon.colcon_core.task.python.build:Building Python package in '/workspaces/autonomous-delivery-robot/ros2_ws/src/my_package'
[3.438s] INFO:colcon.colcon_core.shell:Skip shell extension 'powershell' for command environment: Not usable outside of PowerShell
[3.438s] DEBUG:colcon.colcon_core.shell:Skip shell extension 'dsv' for command environment
[4.964s] DEBUG:colcon.colcon_core.event_handler.log_command:Invoking command in '/workspaces/autonomous-delivery-robot/ros2_ws/src/my_package': PYTHONPATH=/workspaces/autonomous-delivery-robot/ros2_ws/build/my_package/prefix_override:/workspaces/autonomous-delivery-robot/ros2_ws/install/my_package/lib/python3.10/site-packages:${PYTHONPATH} /usr/bin/python3 setup.py egg_info --egg-base ../../build/my_package build --build-base /workspaces/autonomous-delivery-robot/ros2_ws/build/my_package/build install --record /workspaces/autonomous-delivery-robot/ros2_ws/build/my_package/install.log --single-version-externally-managed
[6.116s] DEBUG:colcon.colcon_core.event_handler.log_command:Invoked command in '/workspaces/autonomous-delivery-robot/ros2_ws/src/my_package' returned '0': PYTHONPATH=/workspaces/autonomous-delivery-robot/ros2_ws/build/my_package/prefix_override:/workspaces/autonomous-delivery-robot/ros2_ws/install/my_package/lib/python3.10/site-packages:${PYTHONPATH} /usr/bin/python3 setup.py egg_info --egg-base ../../build/my_package build --build-base /workspaces/autonomous-delivery-robot/ros2_ws/build/my_package/build install --record /workspaces/autonomous-delivery-robot/ros2_ws/build/my_package/install.log --single-version-externally-managed
[6.172s] Level 1:colcon.colcon_core.environment:checking '/workspaces/autonomous-delivery-robot/ros2_ws/install/my_package' for CMake module files
[6.173s] Level 1:colcon.colcon_core.environment:checking '/workspaces/autonomous-delivery-robot/ros2_ws/install/my_package' for CMake config files
[6.175s] Level 1:colcon.colcon_core.environment:checking '/workspaces/autonomous-delivery-robot/ros2_ws/install/my_package/lib'
[6.176s] Level 1:colcon.colcon_core.environment:checking '/workspaces/autonomous-delivery-robot/ros2_ws/install/my_package/bin'
[6.176s] Level 1:colcon.colcon_core.environment:checking '/workspaces/autonomous-delivery-robot/ros2_ws/install/my_package/lib/pkgconfig/my_package.pc'
[6.177s] Level 1:colcon.colcon_core.environment:checking '/workspaces/autonomous-delivery-robot/ros2_ws/install/my_package/lib/python3.10/site-packages'
[6.177s] Level 1:colcon.colcon_core.shell:create_environment_hook('my_package', 'pythonpath')
[6.225s] INFO:colcon.colcon_core.shell:Creating environment hook '/workspaces/autonomous-delivery-robot/ros2_ws/install/my_package/share/my_package/hook/pythonpath.ps1'
[6.227s] INFO:colcon.colcon_core.shell:Creating environment descriptor '/workspaces/autonomous-delivery-robot/ros2_ws/install/my_package/share/my_package/hook/pythonpath.dsv'
[6.228s] INFO:colcon.colcon_core.shell:Creating environment hook '/workspaces/autonomous-delivery-robot/ros2_ws/install/my_package/share/my_package/hook/pythonpath.sh'
[6.230s] Level 1:colcon.colcon_core.environment:checking '/workspaces/autonomous-delivery-robot/ros2_ws/install/my_package/bin'
[6.230s] Level 1:colcon.colcon_core.environment:create_environment_scripts_only(my_package)
[6.270s] INFO:colcon.colcon_core.shell:Creating package script '/workspaces/autonomous-delivery-robot/ros2_ws/install/my_package/share/my_package/package.ps1'
[6.273s] INFO:colcon.colcon_core.shell:Creating package descriptor '/workspaces/autonomous-delivery-robot/ros2_ws/install/my_package/share/my_package/package.dsv'
[6.276s] INFO:colcon.colcon_core.shell:Creating package script '/workspaces/autonomous-delivery-robot/ros2_ws/install/my_package/share/my_package/package.sh'
[6.278s] INFO:colcon.colcon_core.shell:Creating package script '/workspaces/autonomous-delivery-robot/ros2_ws/install/my_package/share/my_package/package.bash'
[6.280s] INFO:colcon.colcon_core.shell:Creating package script '/workspaces/autonomous-delivery-robot/ros2_ws/install/my_package/share/my_package/package.zsh'
[6.282s] Level 1:colcon.colcon_core.environment:create_file_with_runtime_dependencies(/workspaces/autonomous-delivery-robot/ros2_ws/install/my_package/share/colcon-core/packages/my_package)
[6.284s] DEBUG:colcon.colcon_parallel_executor.executor.parallel:closing loop
[6.286s] DEBUG:colcon.colcon_parallel_executor.executor.parallel:loop closed
[6.286s] DEBUG:colcon.colcon_parallel_executor.executor.parallel:run_until_complete finished with '0'
[6.286s] DEBUG:colcon.colcon_core.event_reactor:joining thread
[6.344s] INFO:colcon.colcon_core.plugin_system:Skipping extension 'colcon_notification.desktop_notification.notify_send': Could not find 'notify-send'
[6.344s] INFO:colcon.colcon_core.plugin_system:Skipping extension 'colcon_notification.desktop_notification.terminal_notifier': Not used on non-Darwin systems
[6.345s] INFO:colcon.colcon_core.plugin_system:Skipping extension 'colcon_notification.desktop_notification.win32': Not used on non-Windows systems
[6.345s] INFO:colcon.colcon_notification.desktop_notification:Sending desktop notification using 'notify2'
[6.350s] DEBUG:colcon.colcon_notification.desktop_notification.notify2:Failed to initialize notify2: org.freedesktop.DBus.Error.Spawn.ExecFailed: /usr/bin/dbus-launch terminated abnormally without any error message
[6.351s] DEBUG:colcon.colcon_core.event_reactor:joined thread
[6.385s] INFO:colcon.colcon_core.shell:Creating prefix script '/workspaces/autonomous-delivery-robot/ros2_ws/install/local_setup.ps1'
[6.388s] INFO:colcon.colcon_core.shell:Creating prefix util module '/workspaces/autonomous-delivery-robot/ros2_ws/install/_local_setup_util_ps1.py'
[6.391s] INFO:colcon.colcon_core.shell:Creating prefix chain script '/workspaces/autonomous-delivery-robot/ros2_ws/install/setup.ps1'
[6.424s] INFO:colcon.colcon_core.shell:Creating prefix script '/workspaces/autonomous-delivery-robot/ros2_ws/install/local_setup.sh'
[6.426s] INFO:colcon.colcon_core.shell:Creating prefix util module '/workspaces/autonomous-delivery-robot/ros2_ws/install/_local_setup_util_sh.py'
[6.427s] INFO:colcon.colcon_core.shell:Creating prefix chain script '/workspaces/autonomous-delivery-robot/ros2_ws/install/setup.sh'
[6.459s] INFO:colcon.colcon_core.shell:Creating prefix script '/workspaces/autonomous-delivery-robot/ros2_ws/install/local_setup.bash'
[6.461s] INFO:colcon.colcon_core.shell:Creating prefix chain script '/workspaces/autonomous-delivery-robot/ros2_ws/install/setup.bash'
[6.494s] INFO:colcon.colcon_core.shell:Creating prefix script '/workspaces/autonomous-delivery-robot/ros2_ws/install/local_setup.zsh'
[6.495s] INFO:colcon.colcon_core.shell:Creating prefix chain script '/workspaces/autonomous-delivery-robot/ros2_ws/install/setup.zsh'
