[2.342s] Invoking command in '/workspaces/autonomous-delivery-robot/ros2_ws/src/my_package': PYTHONPATH=/workspaces/autonomous-delivery-robot/ros2_ws/build/my_package/prefix_override:/workspaces/autonomous-delivery-robot/ros2_ws/install/my_package/lib/python3.10/site-packages:${PYTHONPATH} /usr/bin/python3 setup.py egg_info --egg-base ../../build/my_package build --build-base /workspaces/autonomous-delivery-robot/ros2_ws/build/my_package/build install --record /workspaces/autonomous-delivery-robot/ros2_ws/build/my_package/install.log --single-version-externally-managed
[2.901s] running egg_info
[2.934s] writing ../../build/my_package/my_package.egg-info/PKG-INFO
[2.936s] writing dependency_links to ../../build/my_package/my_package.egg-info/dependency_links.txt
[2.937s] writing requirements to ../../build/my_package/my_package.egg-info/requires.txt
[2.938s] writing top-level names to ../../build/my_package/my_package.egg-info/top_level.txt
[3.018s] reading manifest file '../../build/my_package/my_package.egg-info/SOURCES.txt'
[3.018s] writing manifest file '../../build/my_package/my_package.egg-info/SOURCES.txt'
[3.021s] running build
[3.021s] running build_py
[3.021s] running install
[3.022s] /usr/local/lib/python3.10/dist-packages/setuptools/_distutils/cmd.py:66: SetuptoolsDeprecationWarning: setup.py install is deprecated.
[3.022s] !!
[3.022s] 
[3.022s]         ********************************************************************************
[3.022s]         Please avoid running ``setup.py`` directly.
[3.022s]         Instead, use pypa/build, pypa/installer or other
[3.022s]         standards-based tools.
[3.023s] 
[3.023s]         See https://blog.ganssle.io/articles/2021/10/setup-py-deprecated.html for details.
[3.023s]         ********************************************************************************
[3.023s] 
[3.023s] !!
[3.023s]   self.initialize_options()
[3.050s] running install_lib
[3.084s] running install_data
[3.121s] copying description/truck_robot_ign.urdf.xacro -> /workspaces/autonomous-delivery-robot/ros2_ws/install/my_package/share/my_package/description
[3.123s] running install_egg_info
[3.168s] removing '/workspaces/autonomous-delivery-robot/ros2_ws/install/my_package/lib/python3.10/site-packages/my_package-0.0.0-py3.10.egg-info' (and everything under it)
[3.168s] Copying ../../build/my_package/my_package.egg-info to /workspaces/autonomous-delivery-robot/ros2_ws/install/my_package/lib/python3.10/site-packages/my_package-0.0.0-py3.10.egg-info
[3.175s] running install_scripts
[3.504s] writing list of installed files to '/workspaces/autonomous-delivery-robot/ros2_ws/build/my_package/install.log'
[3.636s] Invoked command in '/workspaces/autonomous-delivery-robot/ros2_ws/src/my_package' returned '0': PYTHONPATH=/workspaces/autonomous-delivery-robot/ros2_ws/build/my_package/prefix_override:/workspaces/autonomous-delivery-robot/ros2_ws/install/my_package/lib/python3.10/site-packages:${PYTHONPATH} /usr/bin/python3 setup.py egg_info --egg-base ../../build/my_package build --build-base /workspaces/autonomous-delivery-robot/ros2_ws/build/my_package/build install --record /workspaces/autonomous-delivery-robot/ros2_ws/build/my_package/install.log --single-version-externally-managed
