[1.871s] Invoking command in '/workspaces/autonomous-delivery-robot/ros2_ws/build/my_package': PYTHONPATH=/workspaces/autonomous-delivery-robot/ros2_ws/build/my_package/prefix_override:/workspaces/autonomous-delivery-robot/ros2_ws/install/my_package/lib/python3.10/site-packages:${PYTHONPATH} /usr/bin/python3 setup.py develop --editable --build-directory /workspaces/autonomous-delivery-robot/ros2_ws/build/my_package/build --no-deps install_data
[2.459s] running develop
[2.459s] /usr/local/lib/python3.10/dist-packages/setuptools/command/develop.py:40: EasyInstallDeprecationWarning: easy_install command is deprecated.
[2.459s] !!
[2.460s] 
[2.460s]         ********************************************************************************
[2.460s]         Please avoid running ``setup.py`` and ``easy_install``.
[2.460s]         Instead, use pypa/build, pypa/installer or other
[2.460s]         standards-based tools.
[2.460s] 
[2.460s]         See https://github.com/pypa/setuptools/issues/917 for details.
[2.460s]         ********************************************************************************
[2.460s] 
[2.460s] !!
[2.461s]   easy_install.initialize_options(self)
[2.516s] /usr/local/lib/python3.10/dist-packages/setuptools/_distutils/cmd.py:66: SetuptoolsDeprecationWarning: setup.py install is deprecated.
[2.516s] !!
[2.516s] 
[2.516s]         ********************************************************************************
[2.516s]         Please avoid running ``setup.py`` directly.
[2.516s]         Instead, use pypa/build, pypa/installer or other
[2.516s]         standards-based tools.
[2.516s] 
[2.516s]         See https://blog.ganssle.io/articles/2021/10/setup-py-deprecated.html for details.
[2.517s]         ********************************************************************************
[2.517s] 
[2.517s] !!
[2.517s]   self.initialize_options()
[2.824s] running egg_info
[2.824s] creating my_package.egg-info
[2.850s] writing my_package.egg-info/PKG-INFO
[2.852s] writing dependency_links to my_package.egg-info/dependency_links.txt
[2.852s] writing requirements to my_package.egg-info/requires.txt
[2.852s] writing top-level names to my_package.egg-info/top_level.txt
[2.853s] writing manifest file 'my_package.egg-info/SOURCES.txt'
[2.908s] reading manifest file 'my_package.egg-info/SOURCES.txt'
[2.909s] writing manifest file 'my_package.egg-info/SOURCES.txt'
[3.008s] running build_ext
[3.008s] Creating /workspaces/autonomous-delivery-robot/ros2_ws/install/my_package/lib/python3.10/site-packages/my-package.egg-link (link to .)
[3.009s] 
[3.010s] Installed /workspaces/autonomous-delivery-robot/ros2_ws/build/my_package
[3.010s] running install_data
[3.010s] creating /workspaces/autonomous-delivery-robot/ros2_ws/install/my_package/share/ament_index
[3.010s] creating /workspaces/autonomous-delivery-robot/ros2_ws/install/my_package/share/ament_index/resource_index
[3.010s] creating /workspaces/autonomous-delivery-robot/ros2_ws/install/my_package/share/ament_index/resource_index/packages
[3.010s] copying resource/my_package -> /workspaces/autonomous-delivery-robot/ros2_ws/install/my_package/share/ament_index/resource_index/packages
[3.011s] copying package.xml -> /workspaces/autonomous-delivery-robot/ros2_ws/install/my_package/share/my_package
[3.011s] creating /workspaces/autonomous-delivery-robot/ros2_ws/install/my_package/share/my_package/launch
[3.011s] copying launch/robot_state_publisher.launch.py -> /workspaces/autonomous-delivery-robot/ros2_ws/install/my_package/share/my_package/launch
[3.011s] copying launch/talker.launch.py -> /workspaces/autonomous-delivery-robot/ros2_ws/install/my_package/share/my_package/launch
[3.012s] copying launch/ign_gazebo_truck.launch.py -> /workspaces/autonomous-delivery-robot/ros2_ws/install/my_package/share/my_package/launch
[3.012s] copying launch/listener.launch.py -> /workspaces/autonomous-delivery-robot/ros2_ws/install/my_package/share/my_package/launch
[3.012s] creating /workspaces/autonomous-delivery-robot/ros2_ws/install/my_package/share/my_package/description
[3.013s] copying description/truck_robot_ign.urdf.xacro -> /workspaces/autonomous-delivery-robot/ros2_ws/install/my_package/share/my_package/description
[3.013s] copying description/example_robot.urdf.xacro -> /workspaces/autonomous-delivery-robot/ros2_ws/install/my_package/share/my_package/description
[3.013s] copying description/truck_robot.urdf.xacro -> /workspaces/autonomous-delivery-robot/ros2_ws/install/my_package/share/my_package/description
[3.104s] Invoked command in '/workspaces/autonomous-delivery-robot/ros2_ws/build/my_package' returned '0': PYTHONPATH=/workspaces/autonomous-delivery-robot/ros2_ws/build/my_package/prefix_override:/workspaces/autonomous-delivery-robot/ros2_ws/install/my_package/lib/python3.10/site-packages:${PYTHONPATH} /usr/bin/python3 setup.py develop --editable --build-directory /workspaces/autonomous-delivery-robot/ros2_ws/build/my_package/build --no-deps install_data
