[2.295s] Invoking command in '/workspaces/autonomous-delivery-robot/ros2_ws/src/my_package': PYTHONPATH=/workspaces/autonomous-delivery-robot/ros2_ws/build/my_package/prefix_override:/workspaces/autonomous-delivery-robot/ros2_ws/install/my_package/lib/python3.10/site-packages:${PYTHONPATH} /usr/bin/python3 setup.py egg_info --egg-base ../../build/my_package build --build-base /workspaces/autonomous-delivery-robot/ros2_ws/build/my_package/build install --record /workspaces/autonomous-delivery-robot/ros2_ws/build/my_package/install.log --single-version-externally-managed
[2.809s] running egg_info
[2.847s] writing ../../build/my_package/my_package.egg-info/PKG-INFO
[2.850s] writing dependency_links to ../../build/my_package/my_package.egg-info/dependency_links.txt
[2.853s] writing requirements to ../../build/my_package/my_package.egg-info/requires.txt
[2.853s] writing top-level names to ../../build/my_package/my_package.egg-info/top_level.txt
[2.931s] reading manifest file '../../build/my_package/my_package.egg-info/SOURCES.txt'
[2.934s] writing manifest file '../../build/my_package/my_package.egg-info/SOURCES.txt'
[2.934s] running build
[2.935s] running build_py
[2.935s] running install
[2.936s] /usr/local/lib/python3.10/dist-packages/setuptools/_distutils/cmd.py:66: SetuptoolsDeprecationWarning: setup.py install is deprecated.
[2.936s] !!
[2.936s] 
[2.936s]         ********************************************************************************
[2.936s]         Please avoid running ``setup.py`` directly.
[2.937s]         Instead, use pypa/build, pypa/installer or other
[2.937s]         standards-based tools.
[2.937s] 
[2.937s]         See https://blog.ganssle.io/articles/2021/10/setup-py-deprecated.html for details.
[2.937s]         ********************************************************************************
[2.937s] 
[2.937s] !!
[2.937s]   self.initialize_options()
[2.946s] running install_lib
[2.979s] running install_data
[3.010s] copying description/truck_robot_ign.urdf.xacro -> /workspaces/autonomous-delivery-robot/ros2_ws/install/my_package/share/my_package/description
[3.011s] running install_egg_info
[3.048s] removing '/workspaces/autonomous-delivery-robot/ros2_ws/install/my_package/lib/python3.10/site-packages/my_package-0.0.0-py3.10.egg-info' (and everything under it)
[3.048s] Copying ../../build/my_package/my_package.egg-info to /workspaces/autonomous-delivery-robot/ros2_ws/install/my_package/lib/python3.10/site-packages/my_package-0.0.0-py3.10.egg-info
[3.049s] running install_scripts
[3.347s] writing list of installed files to '/workspaces/autonomous-delivery-robot/ros2_ws/build/my_package/install.log'
[3.447s] Invoked command in '/workspaces/autonomous-delivery-robot/ros2_ws/src/my_package' returned '0': PYTHONPATH=/workspaces/autonomous-delivery-robot/ros2_ws/build/my_package/prefix_override:/workspaces/autonomous-delivery-robot/ros2_ws/install/my_package/lib/python3.10/site-packages:${PYTHONPATH} /usr/bin/python3 setup.py egg_info --egg-base ../../build/my_package build --build-base /workspaces/autonomous-delivery-robot/ros2_ws/build/my_package/build install --record /workspaces/autonomous-delivery-robot/ros2_ws/build/my_package/install.log --single-version-externally-managed
