[1.754s] DEBUG:colcon:Command line arguments: ['/usr/bin/colcon', 'build', '--packages-select', 'my_package']
[1.754s] DEBUG:colcon:Parsed command line arguments: Namespace(log_base=None, log_level=None, verb_name='build', build_base='build', install_base='install', merge_install=False, symlink_install=False, test_result_base=None, continue_on_error=False, executor='parallel', parallel_workers=6, event_handlers=None, ignore_user_meta=False, metas=['./colcon.meta'], base_paths=['.'], packages_ignore=None, packages_ignore_regex=None, paths=None, packages_up_to=None, packages_up_to_regex=None, packages_above=None, packages_above_and_dependencies=None, packages_above_depth=None, packages_select_by_dep=None, packages_skip_by_dep=None, packages_skip_up_to=None, packages_select_build_failed=False, packages_skip_build_finished=False, packages_select_test_failures=False, packages_skip_test_passed=False, packages_select=['my_package'], packages_skip=None, packages_select_regex=None, packages_skip_regex=None, packages_start=None, packages_end=None, cmake_args=None, cmake_target=None, cmake_target_skip_unavailable=False, cmake_clean_cache=False, cmake_clean_first=False, cmake_force_configure=False, ament_cmake_args=None, catkin_cmake_args=None, catkin_skip_building_tests=False, verb_parser=<colcon_defaults.argument_parser.defaults.DefaultArgumentsDecorator object at 0xffff88aa8520>, verb_extension=<colcon_core.verb.build.BuildVerb object at 0xffff88a72080>, main=<bound method BuildVerb.main of <colcon_core.verb.build.BuildVerb object at 0xffff88a72080>>)
[1.863s] Level 1:colcon.colcon_core.package_discovery:discover_packages(colcon_meta) check parameters
[1.863s] Level 1:colcon.colcon_core.package_discovery:discover_packages(recursive) check parameters
[1.863s] Level 1:colcon.colcon_core.package_discovery:discover_packages(ignore) check parameters
[1.863s] Level 1:colcon.colcon_core.package_discovery:discover_packages(path) check parameters
[1.864s] Level 1:colcon.colcon_core.package_discovery:discover_packages(colcon_meta) discover
[1.864s] Level 1:colcon.colcon_core.package_discovery:discover_packages(recursive) discover
[1.864s] INFO:colcon.colcon_core.package_discovery:Crawling recursively for packages in '/workspaces/autonomous-delivery-robot/ros2_ws'
[1.864s] Level 1:colcon.colcon_core.package_identification:_identify(.) by extensions ['ignore', 'ignore_ament_install']
[1.864s] Level 1:colcon.colcon_core.package_identification:_identify(.) by extension 'ignore'
[1.864s] Level 1:colcon.colcon_core.package_identification:_identify(.) by extension 'ignore_ament_install'
[1.865s] Level 1:colcon.colcon_core.package_identification:_identify(.) by extensions ['colcon_pkg']
[1.865s] Level 1:colcon.colcon_core.package_identification:_identify(.) by extension 'colcon_pkg'
[1.865s] Level 1:colcon.colcon_core.package_identification:_identify(.) by extensions ['colcon_meta']
[1.865s] Level 1:colcon.colcon_core.package_identification:_identify(.) by extension 'colcon_meta'
[1.865s] Level 1:colcon.colcon_core.package_identification:_identify(.) by extensions ['ros']
[1.865s] Level 1:colcon.colcon_core.package_identification:_identify(.) by extension 'ros'
[1.892s] Level 1:colcon.colcon_core.package_identification:_identify(.) by extensions ['cmake', 'python']
[1.892s] Level 1:colcon.colcon_core.package_identification:_identify(.) by extension 'cmake'
[1.892s] Level 1:colcon.colcon_core.package_identification:_identify(.) by extension 'python'
[1.892s] Level 1:colcon.colcon_core.package_identification:_identify(.) by extensions ['python_setup_py']
[1.892s] Level 1:colcon.colcon_core.package_identification:_identify(.) by extension 'python_setup_py'
[1.892s] Level 1:colcon.colcon_core.package_identification:_identify(build) by extensions ['ignore', 'ignore_ament_install']
[1.893s] Level 1:colcon.colcon_core.package_identification:_identify(build) by extension 'ignore'
[1.893s] Level 1:colcon.colcon_core.package_identification:_identify(build) ignored
[1.893s] Level 1:colcon.colcon_core.package_identification:_identify(install) by extensions ['ignore', 'ignore_ament_install']
[1.893s] Level 1:colcon.colcon_core.package_identification:_identify(install) by extension 'ignore'
[1.893s] Level 1:colcon.colcon_core.package_identification:_identify(install) ignored
[1.894s] Level 1:colcon.colcon_core.package_identification:_identify(log) by extensions ['ignore', 'ignore_ament_install']
[1.894s] Level 1:colcon.colcon_core.package_identification:_identify(log) by extension 'ignore'
[1.894s] Level 1:colcon.colcon_core.package_identification:_identify(log) ignored
[1.894s] Level 1:colcon.colcon_core.package_identification:_identify(src) by extensions ['ignore', 'ignore_ament_install']
[1.894s] Level 1:colcon.colcon_core.package_identification:_identify(src) by extension 'ignore'
[1.894s] Level 1:colcon.colcon_core.package_identification:_identify(src) by extension 'ignore_ament_install'
[1.894s] Level 1:colcon.colcon_core.package_identification:_identify(src) by extensions ['colcon_pkg']
[1.894s] Level 1:colcon.colcon_core.package_identification:_identify(src) by extension 'colcon_pkg'
[1.894s] Level 1:colcon.colcon_core.package_identification:_identify(src) by extensions ['colcon_meta']
[1.895s] Level 1:colcon.colcon_core.package_identification:_identify(src) by extension 'colcon_meta'
[1.895s] Level 1:colcon.colcon_core.package_identification:_identify(src) by extensions ['ros']
[1.895s] Level 1:colcon.colcon_core.package_identification:_identify(src) by extension 'ros'
[1.895s] Level 1:colcon.colcon_core.package_identification:_identify(src) by extensions ['cmake', 'python']
[1.895s] Level 1:colcon.colcon_core.package_identification:_identify(src) by extension 'cmake'
[1.895s] Level 1:colcon.colcon_core.package_identification:_identify(src) by extension 'python'
[1.895s] Level 1:colcon.colcon_core.package_identification:_identify(src) by extensions ['python_setup_py']
[1.895s] Level 1:colcon.colcon_core.package_identification:_identify(src) by extension 'python_setup_py'
[1.895s] Level 1:colcon.colcon_core.package_identification:_identify(src/my_package) by extensions ['ignore', 'ignore_ament_install']
[1.895s] Level 1:colcon.colcon_core.package_identification:_identify(src/my_package) by extension 'ignore'
[1.896s] Level 1:colcon.colcon_core.package_identification:_identify(src/my_package) by extension 'ignore_ament_install'
[1.896s] Level 1:colcon.colcon_core.package_identification:_identify(src/my_package) by extensions ['colcon_pkg']
[1.896s] Level 1:colcon.colcon_core.package_identification:_identify(src/my_package) by extension 'colcon_pkg'
[1.896s] Level 1:colcon.colcon_core.package_identification:_identify(src/my_package) by extensions ['colcon_meta']
[1.896s] Level 1:colcon.colcon_core.package_identification:_identify(src/my_package) by extension 'colcon_meta'
[1.896s] Level 1:colcon.colcon_core.package_identification:_identify(src/my_package) by extensions ['ros']
[1.896s] Level 1:colcon.colcon_core.package_identification:_identify(src/my_package) by extension 'ros'
[1.900s] DEBUG:colcon.colcon_core.package_identification:Package 'src/my_package' with type 'ros.ament_python' and name 'my_package'
[1.901s] Level 1:colcon.colcon_core.package_identification:_identify(src/rplidar_ros) by extensions ['ignore', 'ignore_ament_install']
[1.901s] Level 1:colcon.colcon_core.package_identification:_identify(src/rplidar_ros) by extension 'ignore'
[1.901s] Level 1:colcon.colcon_core.package_identification:_identify(src/rplidar_ros) by extension 'ignore_ament_install'
[1.901s] Level 1:colcon.colcon_core.package_identification:_identify(src/rplidar_ros) by extensions ['colcon_pkg']
[1.901s] Level 1:colcon.colcon_core.package_identification:_identify(src/rplidar_ros) by extension 'colcon_pkg'
[1.901s] Level 1:colcon.colcon_core.package_identification:_identify(src/rplidar_ros) by extensions ['colcon_meta']
[1.901s] Level 1:colcon.colcon_core.package_identification:_identify(src/rplidar_ros) by extension 'colcon_meta'
[1.901s] Level 1:colcon.colcon_core.package_identification:_identify(src/rplidar_ros) by extensions ['ros']
[1.901s] Level 1:colcon.colcon_core.package_identification:_identify(src/rplidar_ros) by extension 'ros'
[1.902s] DEBUG:colcon.colcon_core.package_identification:Package 'src/rplidar_ros' with type 'ros.ament_cmake' and name 'rplidar_ros'
[1.903s] Level 1:colcon.colcon_core.package_discovery:discover_packages(recursive) using defaults
[1.903s] Level 1:colcon.colcon_core.package_discovery:discover_packages(ignore) discover
[1.903s] Level 1:colcon.colcon_core.package_discovery:discover_packages(ignore) using defaults
[1.903s] Level 1:colcon.colcon_core.package_discovery:discover_packages(path) discover
[1.903s] Level 1:colcon.colcon_core.package_discovery:discover_packages(path) using defaults
[2.021s] INFO:colcon.colcon_core.package_selection:Skipping not selected package 'rplidar_ros' in 'src/rplidar_ros'
[2.047s] Level 5:colcon.colcon_core.verb:set package 'my_package' build argument 'cmake_args' from command line to 'None'
[2.048s] Level 5:colcon.colcon_core.verb:set package 'my_package' build argument 'cmake_target' from command line to 'None'
[2.048s] Level 5:colcon.colcon_core.verb:set package 'my_package' build argument 'cmake_target_skip_unavailable' from command line to 'False'
[2.048s] Level 5:colcon.colcon_core.verb:set package 'my_package' build argument 'cmake_clean_cache' from command line to 'False'
[2.048s] Level 5:colcon.colcon_core.verb:set package 'my_package' build argument 'cmake_clean_first' from command line to 'False'
[2.048s] Level 5:colcon.colcon_core.verb:set package 'my_package' build argument 'cmake_force_configure' from command line to 'False'
[2.048s] Level 5:colcon.colcon_core.verb:set package 'my_package' build argument 'ament_cmake_args' from command line to 'None'
[2.048s] Level 5:colcon.colcon_core.verb:set package 'my_package' build argument 'catkin_cmake_args' from command line to 'None'
[2.048s] Level 5:colcon.colcon_core.verb:set package 'my_package' build argument 'catkin_skip_building_tests' from command line to 'False'
[2.048s] DEBUG:colcon.colcon_core.verb:Building package 'my_package' with the following arguments: {'ament_cmake_args': None, 'build_base': '/workspaces/autonomous-delivery-robot/ros2_ws/build/my_package', 'catkin_cmake_args': None, 'catkin_skip_building_tests': False, 'cmake_args': None, 'cmake_clean_cache': False, 'cmake_clean_first': False, 'cmake_force_configure': False, 'cmake_target': None, 'cmake_target_skip_unavailable': False, 'install_base': '/workspaces/autonomous-delivery-robot/ros2_ws/install/my_package', 'merge_install': False, 'path': '/workspaces/autonomous-delivery-robot/ros2_ws/src/my_package', 'symlink_install': False, 'test_result_base': None}
[2.075s] INFO:colcon.colcon_core.executor:Executing jobs using 'parallel' executor
[2.103s] DEBUG:colcon.colcon_parallel_executor.executor.parallel:run_until_complete
[2.104s] INFO:colcon.colcon_ros.task.ament_python.build:Building ROS package in '/workspaces/autonomous-delivery-robot/ros2_ws/src/my_package' with build type 'ament_python'
[2.104s] Level 1:colcon.colcon_core.shell:create_environment_hook('my_package', 'ament_prefix_path')
[2.135s] INFO:colcon.colcon_core.plugin_system:Skipping extension 'colcon_core.shell.bat': Not used on non-Windows systems
[2.135s] INFO:colcon.colcon_core.shell:Creating environment hook '/workspaces/autonomous-delivery-robot/ros2_ws/install/my_package/share/my_package/hook/ament_prefix_path.ps1'
[2.137s] INFO:colcon.colcon_core.shell:Creating environment descriptor '/workspaces/autonomous-delivery-robot/ros2_ws/install/my_package/share/my_package/hook/ament_prefix_path.dsv'
[2.138s] INFO:colcon.colcon_core.shell:Creating environment hook '/workspaces/autonomous-delivery-robot/ros2_ws/install/my_package/share/my_package/hook/ament_prefix_path.sh'
[2.166s] INFO:colcon.colcon_core.shell:Skip shell extension 'powershell' for command environment: Not usable outside of PowerShell
[2.166s] DEBUG:colcon.colcon_core.shell:Skip shell extension 'dsv' for command environment
[2.649s] INFO:colcon.colcon_core.task.python.build:Building Python package in '/workspaces/autonomous-delivery-robot/ros2_ws/src/my_package'
[2.680s] INFO:colcon.colcon_core.shell:Skip shell extension 'powershell' for command environment: Not usable outside of PowerShell
[2.680s] DEBUG:colcon.colcon_core.shell:Skip shell extension 'dsv' for command environment
[3.951s] DEBUG:colcon.colcon_core.event_handler.log_command:Invoking command in '/workspaces/autonomous-delivery-robot/ros2_ws/src/my_package': PYTHONPATH=/workspaces/autonomous-delivery-robot/ros2_ws/build/my_package/prefix_override:/workspaces/autonomous-delivery-robot/ros2_ws/install/my_package/lib/python3.10/site-packages:${PYTHONPATH} /usr/bin/python3 setup.py egg_info --egg-base ../../build/my_package build --build-base /workspaces/autonomous-delivery-robot/ros2_ws/build/my_package/build install --record /workspaces/autonomous-delivery-robot/ros2_ws/build/my_package/install.log --single-version-externally-managed
[4.881s] DEBUG:colcon.colcon_core.event_handler.log_command:Invoked command in '/workspaces/autonomous-delivery-robot/ros2_ws/src/my_package' returned '0': PYTHONPATH=/workspaces/autonomous-delivery-robot/ros2_ws/build/my_package/prefix_override:/workspaces/autonomous-delivery-robot/ros2_ws/install/my_package/lib/python3.10/site-packages:${PYTHONPATH} /usr/bin/python3 setup.py egg_info --egg-base ../../build/my_package build --build-base /workspaces/autonomous-delivery-robot/ros2_ws/build/my_package/build install --record /workspaces/autonomous-delivery-robot/ros2_ws/build/my_package/install.log --single-version-externally-managed
[4.948s] Level 1:colcon.colcon_core.environment:checking '/workspaces/autonomous-delivery-robot/ros2_ws/install/my_package' for CMake module files
[4.950s] Level 1:colcon.colcon_core.environment:checking '/workspaces/autonomous-delivery-robot/ros2_ws/install/my_package' for CMake config files
[4.952s] Level 1:colcon.colcon_core.environment:checking '/workspaces/autonomous-delivery-robot/ros2_ws/install/my_package/lib'
[4.953s] Level 1:colcon.colcon_core.environment:checking '/workspaces/autonomous-delivery-robot/ros2_ws/install/my_package/bin'
[4.953s] Level 1:colcon.colcon_core.environment:checking '/workspaces/autonomous-delivery-robot/ros2_ws/install/my_package/lib/pkgconfig/my_package.pc'
[4.954s] Level 1:colcon.colcon_core.environment:checking '/workspaces/autonomous-delivery-robot/ros2_ws/install/my_package/lib/python3.10/site-packages'
[4.955s] Level 1:colcon.colcon_core.shell:create_environment_hook('my_package', 'pythonpath')
[4.995s] INFO:colcon.colcon_core.shell:Creating environment hook '/workspaces/autonomous-delivery-robot/ros2_ws/install/my_package/share/my_package/hook/pythonpath.ps1'
[4.997s] INFO:colcon.colcon_core.shell:Creating environment descriptor '/workspaces/autonomous-delivery-robot/ros2_ws/install/my_package/share/my_package/hook/pythonpath.dsv'
[4.998s] INFO:colcon.colcon_core.shell:Creating environment hook '/workspaces/autonomous-delivery-robot/ros2_ws/install/my_package/share/my_package/hook/pythonpath.sh'
[4.999s] Level 1:colcon.colcon_core.environment:checking '/workspaces/autonomous-delivery-robot/ros2_ws/install/my_package/bin'
[4.999s] Level 1:colcon.colcon_core.environment:create_environment_scripts_only(my_package)
[5.034s] INFO:colcon.colcon_core.shell:Creating package script '/workspaces/autonomous-delivery-robot/ros2_ws/install/my_package/share/my_package/package.ps1'
[5.036s] INFO:colcon.colcon_core.shell:Creating package descriptor '/workspaces/autonomous-delivery-robot/ros2_ws/install/my_package/share/my_package/package.dsv'
[5.037s] INFO:colcon.colcon_core.shell:Creating package script '/workspaces/autonomous-delivery-robot/ros2_ws/install/my_package/share/my_package/package.sh'
[5.039s] INFO:colcon.colcon_core.shell:Creating package script '/workspaces/autonomous-delivery-robot/ros2_ws/install/my_package/share/my_package/package.bash'
[5.041s] INFO:colcon.colcon_core.shell:Creating package script '/workspaces/autonomous-delivery-robot/ros2_ws/install/my_package/share/my_package/package.zsh'
[5.042s] Level 1:colcon.colcon_core.environment:create_file_with_runtime_dependencies(/workspaces/autonomous-delivery-robot/ros2_ws/install/my_package/share/colcon-core/packages/my_package)
[5.043s] DEBUG:colcon.colcon_parallel_executor.executor.parallel:closing loop
[5.044s] DEBUG:colcon.colcon_parallel_executor.executor.parallel:loop closed
[5.044s] DEBUG:colcon.colcon_parallel_executor.executor.parallel:run_until_complete finished with '0'
[5.045s] DEBUG:colcon.colcon_core.event_reactor:joining thread
[5.100s] INFO:colcon.colcon_core.plugin_system:Skipping extension 'colcon_notification.desktop_notification.notify_send': Could not find 'notify-send'
[5.100s] INFO:colcon.colcon_core.plugin_system:Skipping extension 'colcon_notification.desktop_notification.terminal_notifier': Not used on non-Darwin systems
[5.100s] INFO:colcon.colcon_core.plugin_system:Skipping extension 'colcon_notification.desktop_notification.win32': Not used on non-Windows systems
[5.100s] INFO:colcon.colcon_notification.desktop_notification:Sending desktop notification using 'notify2'
[5.106s] DEBUG:colcon.colcon_notification.desktop_notification.notify2:Failed to initialize notify2: org.freedesktop.DBus.Error.Spawn.ExecFailed: /usr/bin/dbus-launch terminated abnormally without any error message
[5.107s] DEBUG:colcon.colcon_core.event_reactor:joined thread
[5.151s] INFO:colcon.colcon_core.shell:Creating prefix script '/workspaces/autonomous-delivery-robot/ros2_ws/install/local_setup.ps1'
[5.154s] INFO:colcon.colcon_core.shell:Creating prefix util module '/workspaces/autonomous-delivery-robot/ros2_ws/install/_local_setup_util_ps1.py'
[5.158s] INFO:colcon.colcon_core.shell:Creating prefix chain script '/workspaces/autonomous-delivery-robot/ros2_ws/install/setup.ps1'
[5.191s] INFO:colcon.colcon_core.shell:Creating prefix script '/workspaces/autonomous-delivery-robot/ros2_ws/install/local_setup.sh'
[5.192s] INFO:colcon.colcon_core.shell:Creating prefix util module '/workspaces/autonomous-delivery-robot/ros2_ws/install/_local_setup_util_sh.py'
[5.193s] INFO:colcon.colcon_core.shell:Creating prefix chain script '/workspaces/autonomous-delivery-robot/ros2_ws/install/setup.sh'
[5.223s] INFO:colcon.colcon_core.shell:Creating prefix script '/workspaces/autonomous-delivery-robot/ros2_ws/install/local_setup.bash'
[5.224s] INFO:colcon.colcon_core.shell:Creating prefix chain script '/workspaces/autonomous-delivery-robot/ros2_ws/install/setup.bash'
[5.253s] INFO:colcon.colcon_core.shell:Creating prefix script '/workspaces/autonomous-delivery-robot/ros2_ws/install/local_setup.zsh'
[5.254s] INFO:colcon.colcon_core.shell:Creating prefix chain script '/workspaces/autonomous-delivery-robot/ros2_ws/install/setup.zsh'
