[1.978s] Invoking command in '/workspaces/autonomous-delivery-robot/ros2_ws/src/my_package': PYTHONPATH=/workspaces/autonomous-delivery-robot/ros2_ws/build/my_package/prefix_override:/workspaces/autonomous-delivery-robot/ros2_ws/install/my_package/lib/python3.10/site-packages:${PYTHONPATH} /usr/bin/python3 setup.py egg_info --egg-base ../../build/my_package build --build-base /workspaces/autonomous-delivery-robot/ros2_ws/build/my_package/build install --record /workspaces/autonomous-delivery-robot/ros2_ws/build/my_package/install.log --single-version-externally-managed
[2.400s] running egg_info
[2.429s] writing ../../build/my_package/my_package.egg-info/PKG-INFO
[2.430s] writing dependency_links to ../../build/my_package/my_package.egg-info/dependency_links.txt
[2.431s] writing requirements to ../../build/my_package/my_package.egg-info/requires.txt
[2.432s] writing top-level names to ../../build/my_package/my_package.egg-info/top_level.txt
[2.490s] reading manifest file '../../build/my_package/my_package.egg-info/SOURCES.txt'
[2.492s] writing manifest file '../../build/my_package/my_package.egg-info/SOURCES.txt'
[2.493s] running build
[2.493s] running build_py
[2.493s] running install
[2.494s] /usr/local/lib/python3.10/dist-packages/setuptools/_distutils/cmd.py:66: SetuptoolsDeprecationWarning: setup.py install is deprecated.
[2.494s] !!
[2.494s] 
[2.494s]         ********************************************************************************
[2.494s]         Please avoid running ``setup.py`` directly.
[2.495s]         Instead, use pypa/build, pypa/installer or other
[2.495s]         standards-based tools.
[2.495s] 
[2.495s]         See https://blog.ganssle.io/articles/2021/10/setup-py-deprecated.html for details.
[2.495s]         ********************************************************************************
[2.495s] 
[2.495s] !!
[2.495s]   self.initialize_options()
[2.504s] running install_lib
[2.534s] running install_data
[2.562s] copying description/truck_robot_ign.urdf.xacro -> /workspaces/autonomous-delivery-robot/ros2_ws/install/my_package/share/my_package/description
[2.563s] running install_egg_info
[2.594s] removing '/workspaces/autonomous-delivery-robot/ros2_ws/install/my_package/lib/python3.10/site-packages/my_package-0.0.0-py3.10.egg-info' (and everything under it)
[2.595s] Copying ../../build/my_package/my_package.egg-info to /workspaces/autonomous-delivery-robot/ros2_ws/install/my_package/lib/python3.10/site-packages/my_package-0.0.0-py3.10.egg-info
[2.597s] running install_scripts
[2.874s] writing list of installed files to '/workspaces/autonomous-delivery-robot/ros2_ws/build/my_package/install.log'
[2.954s] Invoked command in '/workspaces/autonomous-delivery-robot/ros2_ws/src/my_package' returned '0': PYTHONPATH=/workspaces/autonomous-delivery-robot/ros2_ws/build/my_package/prefix_override:/workspaces/autonomous-delivery-robot/ros2_ws/install/my_package/lib/python3.10/site-packages:${PYTHONPATH} /usr/bin/python3 setup.py egg_info --egg-base ../../build/my_package build --build-base /workspaces/autonomous-delivery-robot/ros2_ws/build/my_package/build install --record /workspaces/autonomous-delivery-robot/ros2_ws/build/my_package/install.log --single-version-externally-managed
